14:14:59: Creating resource group General
14:14:59: Creating resource group Internal
14:14:59: Creating resource group Autodetect
14:14:59: SceneManagerFactory for type 'DefaultSceneManager' registered.
14:14:59: Registering ResourceManager for type Material
14:14:59: Registering ResourceManager for type Mesh
14:14:59: Registering ResourceManager for type Skeleton
14:14:59: MovableObjectFactory for type 'ParticleSystem' registered.
14:14:59: ArchiveFactory for archive type FileSystem registered.
14:14:59: ArchiveFactory for archive type Zip registered.
14:14:59: ArchiveFactory for archive type EmbeddedZip registered.
14:14:59: DDS codec registering
14:14:59: FreeImage version: 3.15.3
14:14:59: This program uses FreeImage, a free, open source image library supporting all common bitmap formats. See http://freeimage.sourceforge.net for details
14:14:59: Supported formats: bmp,ico,jpg,jif,jpeg,jpe,jng,koa,iff,lbm,mng,pbm,pbm,pcd,pcx,pgm,pgm,png,ppm,ppm,ras,tga,targa,tif,tiff,wap,wbmp,wbm,psd,cut,xbm,xpm,gif,hdr,g3,sgi,exr,j2k,j2c,jp2,pfm,pct,pict,pic,3fr,arw,bay,bmq,cap,cine,cr2,crw,cs1,dc2,dcr,drf,dsc,dng,erf,fff,ia,iiq,k25,kc2,kdc,mdc,mef,mos,mrw,nef,nrw,orf,pef,ptx,pxn,qtk,raf,raw,rdc,rw2,rwl,rwz,sr2,srf,srw,sti
14:14:59: Registering ResourceManager for type HighLevelGpuProgram
14:14:59: Registering ResourceManager for type Compositor
14:14:59: MovableObjectFactory for type 'Entity' registered.
14:14:59: MovableObjectFactory for type 'Light' registered.
14:14:59: MovableObjectFactory for type 'BillboardSet' registered.
14:14:59: MovableObjectFactory for type 'ManualObject' registered.
14:14:59: MovableObjectFactory for type 'BillboardChain' registered.
14:14:59: MovableObjectFactory for type 'RibbonTrail' registered.
14:14:59: Loading library .\RenderSystem_GL_d
14:14:59: Installing plugin: GL RenderSystem
14:14:59: OpenGL Rendering Subsystem created.
14:14:59: Plugin successfully installed
14:14:59: *-*-* OGRE Initialising
14:14:59: *-*-* Version 1.9.0 (Ghadamon)
14:14:59: Loading library RenderSystem_GL_d
14:14:59: Installing plugin: GL RenderSystem
14:14:59: OpenGL Rendering Subsystem created.
14:14:59: Plugin successfully installed
14:14:59: CPU Identifier & Features
14:14:59: -------------------------
14:14:59:  *   CPU ID: GenuineIntel: Intel(R) Core(TM) i5-4690K CPU @ 3.50GHz
14:14:59:  *      SSE: yes
14:14:59:  *     SSE2: yes
14:14:59:  *     SSE3: yes
14:14:59:  *      MMX: yes
14:14:59:  *   MMXEXT: yes
14:14:59:  *    3DNOW: no
14:14:59:  * 3DNOWEXT: no
14:14:59:  *     CMOV: yes
14:14:59:  *      TSC: yes
14:14:59:  *      FPU: yes
14:14:59:  *      PRO: yes
14:14:59:  *       HT: no
14:14:59: -------------------------
14:14:59: *** Starting Win32GL Subsystem ***
14:14:59: Registering ResourceManager for type Texture
14:14:59: Created Win32Window 'Ogre + Oculus = <3' : 976x579, 32bpp
14:14:59: GL_VERSION = 4.5.13399 Compatibility Profile Context 15.201.1151.0
14:14:59: GL_VENDOR = ATI Technologies Inc.
14:14:59: GL_RENDERER = AMD Radeon R9 200 Series
14:14:59: GL_EXTENSIONS = GL_AMDX_debug_output GL_AMD_blend_minmax_factor GL_AMD_conservative_depth GL_AMD_debug_output GL_AMD_depth_clamp_separate GL_AMD_draw_buffers_blend GL_AMD_framebuffer_sample_positions GL_AMD_gcn_shader GL_AMD_gpu_shader_int64 GL_AMD_interleaved_elements GL_AMD_multi_draw_indirect GL_AMD_name_gen_delete GL_AMD_occlusion_query_event GL_AMD_performance_monitor GL_AMD_pinned_memory GL_AMD_query_buffer_object GL_AMD_sample_positions GL_AMD_seamless_cubemap_per_texture GL_AMD_shader_atomic_counter_ops GL_AMD_shader_stencil_export GL_AMD_shader_stencil_value_export GL_AMD_shader_trace GL_AMD_shader_trinary_minmax GL_AMD_sparse_texture GL_AMD_sparse_texture_pool GL_AMD_stencil_operation_extended GL_AMD_texture_cube_map_array GL_AMD_texture_texture4 GL_AMD_transform_feedback3_lines_triangles GL_AMD_transform_feedback4 GL_AMD_vertex_shader_layer GL_AMD_vertex_shader_viewport_index GL_ARB_ES2_compatibility GL_ARB_ES3_1_compatibility GL_ARB_ES3_compatibility GL_ARB_arrays_of_arrays GL_ARB_base_instance GL_ARB_bindless_texture GL_ARB_blend_func_extended GL_ARB_buffer_storage GL_ARB_clear_buffer_object GL_ARB_clear_texture GL_ARB_clip_control GL_ARB_color_buffer_float GL_ARB_compatibility GL_ARB_compressed_texture_pixel_storage GL_ARB_compute_shader GL_ARB_conditional_render_inverted GL_ARB_conservative_depth GL_ARB_copy_buffer GL_ARB_copy_image GL_ARB_cull_distance GL_ARB_debug_output GL_ARB_depth_buffer_float GL_ARB_depth_clamp GL_ARB_depth_texture GL_ARB_derivative_control GL_ARB_direct_state_access GL_ARB_draw_buffers GL_ARB_draw_buffers_blend GL_ARB_draw_elements_base_vertex GL_ARB_draw_indirect GL_ARB_draw_instanced GL_ARB_enhanced_layouts GL_ARB_explicit_attrib_location GL_ARB_explicit_uniform_location GL_ARB_fragment_coord_conventions GL_ARB_fragment_layer_viewport GL_ARB_fragment_program GL_ARB_fragment_program_shadow GL_ARB_fragment_shader GL_ARB_framebuffer_no_attachments GL_ARB_framebuffer_object GL_ARB_framebuffer_sRGB GL_ARB_geometry_shader4 GL_ARB_get_program_binary GL_ARB_get_texture_sub_image GL_ARB_gpu_shader5 GL_ARB_gpu_shader_fp64 GL_ARB_half_float_pixel GL_ARB_half_float_vertex GL_ARB_imaging GL_ARB_indirect_parameters GL_ARB_instanced_arrays GL_ARB_internalformat_query GL_ARB_internalformat_query2 GL_ARB_invalidate_subdata GL_ARB_map_buffer_alignment GL_ARB_map_buffer_range GL_ARB_multi_bind GL_ARB_multi_draw_indirect GL_ARB_multisample GL_ARB_multitexture GL_ARB_occlusion_query GL_ARB_occlusion_query2 GL_ARB_pipeline_statistics_query GL_ARB_pixel_buffer_object GL_ARB_point_parameters GL_ARB_point_sprite GL_ARB_program_interface_query GL_ARB_provoking_vertex GL_ARB_query_buffer_object GL_ARB_robust_buffer_access_behavior GL_ARB_sample_shading GL_ARB_sampler_objects GL_ARB_seamless_cube_map GL_ARB_seamless_cubemap_per_texture GL_ARB_separate_shader_objects GL_ARB_shader_atomic_counters GL_ARB_shader_bit_encoding GL_ARB_shader_draw_parameters GL_ARB_shader_group_vote GL_ARB_shader_image_load_store GL_ARB_shader_image_size GL_ARB_shader_objects GL_ARB_shader_precision GL_ARB_shader_stencil_export GL_ARB_shader_storage_buffer_object GL_ARB_shader_subroutine GL_ARB_shader_texture_image_samples GL_ARB_shader_texture_lod GL_ARB_shading_language_100 GL_ARB_shading_language_420pack GL_ARB_shading_language_packing GL_ARB_shadow GL_ARB_shadow_ambient GL_ARB_sparse_buffer GL_ARB_sparse_texture GL_ARB_stencil_texturing GL_ARB_sync GL_ARB_tessellation_shader GL_ARB_texture_barrier GL_ARB_texture_border_clamp GL_ARB_texture_buffer_object GL_ARB_texture_buffer_object_rgb32 GL_ARB_texture_buffer_range GL_ARB_texture_compression GL_ARB_texture_compression_bptc GL_ARB_texture_compression_rgtc GL_ARB_texture_cube_map GL_ARB_texture_cube_map_array GL_ARB_texture_env_add GL_ARB_texture_env_combine GL_ARB_texture_env_crossbar GL_ARB_texture_env_dot3 GL_ARB_texture_float GL_ARB_texture_gather GL_ARB_texture_mirror_clamp_to_edge GL_ARB_texture_mirrored_repeat GL_ARB_texture_multisample GL_ARB_texture_non_power_of_two GL_ARB_texture_query_levels GL_ARB_texture_query_lod GL_ARB_texture_rectangle GL_ARB_texture_rg GL_ARB_texture_rgb10_a2ui GL_ARB_texture_snorm GL_ARB_texture_stencil8 GL_ARB_texture_storage GL_ARB_texture_storage_multisample GL_ARB_texture_swizzle GL_ARB_texture_view GL_ARB_timer_query GL_ARB_transform_feedback2 GL_ARB_transform_feedback3 GL_ARB_transform_feedback_instanced GL_ARB_transform_feedback_overflow_query GL_ARB_transpose_matrix GL_ARB_uniform_buffer_object GL_ARB_vertex_array_bgra GL_ARB_vertex_array_object GL_ARB_vertex_attrib_64bit GL_ARB_vertex_attrib_binding GL_ARB_vertex_buffer_object GL_ARB_vertex_program GL_ARB_vertex_shader GL_ARB_vertex_type_10f_11f_11f_rev GL_ARB_vertex_type_2_10_10_10_rev GL_ARB_viewport_array GL_ARB_window_pos GL_ATI_draw_buffers GL_ATI_envmap_bumpmap GL_ATI_fragment_shader GL_ATI_separate_stencil GL_ATI_texture_compression_3dc GL_ATI_texture_env_combine3 GL_ATI_texture_float GL_ATI_texture_mirror_once GL_EXT_abgr GL_EXT_bgra GL_EXT_bindable_uniform GL_EXT_blend_color GL_EXT_blend_equation_separate GL_EXT_blend_func_separate GL_EXT_blend_minmax GL_EXT_blend_subtract GL_EXT_compiled_vertex_array GL_EXT_copy_buffer GL_EXT_copy_texture GL_EXT_depth_bounds_test GL_EXT_direct_state_access GL_EXT_draw_buffers2 GL_EXT_draw_instanced GL_EXT_draw_range_elements GL_EXT_fog_coord GL_EXT_framebuffer_blit GL_EXT_framebuffer_multisample GL_EXT_framebuffer_object GL_EXT_framebuffer_sRGB GL_EXT_geometry_shader4 GL_EXT_gpu_program_parameters GL_EXT_gpu_shader4 GL_EXT_histogram GL_EXT_multi_draw_arrays GL_EXT_packed_depth_stencil GL_EXT_packed_float GL_EXT_packed_pixels GL_EXT_pixel_buffer_object GL_EXT_point_parameters GL_EXT_polygon_offset_clamp GL_EXT_provoking_vertex GL_EXT_rescale_normal GL_EXT_secondary_color GL_EXT_separate_specular_color GL_EXT_shader_image_load_store GL_EXT_shader_integer_mix GL_EXT_shadow_funcs GL_EXT_stencil_wrap GL_EXT_subtexture GL_EXT_texgen_reflection GL_EXT_texture3D GL_EXT_texture_array GL_EXT_texture_buffer_object GL_EXT_texture_compression_bptc GL_EXT_texture_compression_latc GL_EXT_texture_compression_rgtc GL_EXT_texture_compression_s3tc GL_EXT_texture_cube_map GL_EXT_texture_edge_clamp GL_EXT_texture_env_add GL_EXT_texture_env_combine GL_EXT_texture_env_dot3 GL_EXT_texture_filter_anisotropic GL_EXT_texture_integer GL_EXT_texture_lod GL_EXT_texture_lod_bias GL_EXT_texture_mirror_clamp GL_EXT_texture_object GL_EXT_texture_rectangle GL_EXT_texture_sRGB GL_EXT_texture_sRGB_decode GL_EXT_texture_shared_exponent GL_EXT_texture_snorm GL_EXT_texture_storage GL_EXT_texture_swizzle GL_EXT_timer_query GL_EXT_transform_feedback GL_EXT_vertex_array GL_EXT_vertex_array_bgra GL_EXT_vertex_attrib_64bit GL_IBM_texture_mirrored_repeat GL_INTEL_fragment_shader_ordering GL_KHR_context_flush_control GL_KHR_debug GL_KHR_robust_buffer_access_behavior GL_KHR_robustness GL_KTX_buffer_region GL_NV_blend_square GL_NV_conditional_render GL_NV_copy_depth_to_color GL_NV_copy_image GL_NV_depth_buffer_float GL_NV_explicit_multisample GL_NV_float_buffer GL_NV_half_float GL_NV_primitive_restart GL_NV_texgen_reflection GL_NV_texture_barrier GL_OES_EGL_image GL_SGIS_generate_mipmap GL_SGIS_texture_edge_clamp GL_SGIS_texture_lod GL_SUN_multi_draw_arrays GL_WIN_swap_hint WGL_EXT_swap_control
14:14:59: Supported WGL extensions: WGL_ARB_extensions_string WGL_ARB_pixel_format WGL_ATI_pixel_format_float WGL_ARB_pixel_format_float WGL_ARB_multisample WGL_EXT_swap_control WGL_EXT_swap_control_tear WGL_ARB_pbuffer WGL_ARB_render_texture WGL_ARB_make_current_read WGL_EXT_extensions_string WGL_ARB_buffer_region WGL_EXT_framebuffer_sRGB WGL_ATI_render_texture_rectangle WGL_EXT_pixel_format_packed_float WGL_I3D_genlock WGL_NV_swap_group WGL_ARB_create_context WGL_AMD_gpu_association WGL_AMDX_gpu_association WGL_ARB_create_context_profile WGL_ARB_context_flush_control WGL_NV_DX_interop WGL_NV_DX_interop2 WGL_NV_float_buffer
14:14:59: ***************************
14:14:59: *** GL Renderer Started ***
14:14:59: ***************************
14:14:59: Registering ResourceManager for type GpuProgram
14:14:59: GLSL support detected
14:14:59: GL: Using GL_EXT_framebuffer_object for rendering to textures (best)
14:14:59: FBO PF_UNKNOWN depth/stencil support: D0S1 D0S4 D0S8 D0S16 D16S0 D24S0 D32S0 Packed-D24S8 
14:14:59: FBO PF_L8 depth/stencil support: D0S0 D0S1 D0S4 D0S8 D0S16 D16S0 D24S0 D32S0 Packed-D24S8 
14:14:59: FBO PF_L16 depth/stencil support: D0S0 D0S1 D0S4 D0S8 D0S16 D16S0 D24S0 D32S0 Packed-D24S8 
14:14:59: FBO PF_A8 depth/stencil support: D0S0 D0S1 D0S4 D0S8 D0S16 D16S0 D24S0 D32S0 Packed-D24S8 
14:14:59: FBO PF_A4L4 depth/stencil support: D0S0 D0S1 D0S4 D0S8 D0S16 D16S0 D24S0 D32S0 Packed-D24S8 
14:14:59: FBO PF_BYTE_LA depth/stencil support: D0S0 D0S1 D0S4 D0S8 D0S16 D16S0 D24S0 D32S0 Packed-D24S8 
14:14:59: FBO PF_R5G6B5 depth/stencil support: D0S0 D0S1 D0S4 D0S8 D0S16 D16S0 D24S0 D32S0 Packed-D24S8 
14:14:59: FBO PF_B5G6R5 depth/stencil support: D0S0 D0S1 D0S4 D0S8 D0S16 D16S0 D24S0 D32S0 Packed-D24S8 
14:14:59: FBO PF_A4R4G4B4 depth/stencil support: D0S0 D0S1 D0S4 D0S8 D0S16 D16S0 D24S0 D32S0 Packed-D24S8 
14:14:59: FBO PF_A1R5G5B5 depth/stencil support: D0S0 D0S1 D0S4 D0S8 D0S16 D16S0 D24S0 D32S0 Packed-D24S8 
14:14:59: FBO PF_R8G8B8 depth/stencil support: D0S0 D0S1 D0S4 D0S8 D0S16 D16S0 D24S0 D32S0 Packed-D24S8 
14:14:59: FBO PF_B8G8R8 depth/stencil support: D0S0 D0S1 D0S4 D0S8 D0S16 D16S0 D24S0 D32S0 Packed-D24S8 
14:14:59: FBO PF_A8R8G8B8 depth/stencil support: D0S0 D0S1 D0S4 D0S8 D0S16 D16S0 D24S0 D32S0 Packed-D24S8 
14:14:59: FBO PF_B8G8R8A8 depth/stencil support: D0S0 D0S1 D0S4 D0S8 D0S16 D16S0 D24S0 D32S0 Packed-D24S8 
14:14:59: FBO PF_A2R10G10B10 depth/stencil support: D0S0 D0S1 D0S4 D0S8 D0S16 D16S0 D24S0 D32S0 Packed-D24S8 
14:14:59: FBO PF_A2B10G10R10 depth/stencil support: D0S0 D0S1 D0S4 D0S8 D0S16 D16S0 D24S0 D32S0 Packed-D24S8 
14:14:59: FBO PF_FLOAT16_RGB depth/stencil support: D0S0 D0S1 D0S4 D0S8 D0S16 D16S0 D24S0 D32S0 Packed-D24S8 
14:15:00: FBO PF_FLOAT16_RGBA depth/stencil support: D0S0 D0S1 D0S4 D0S8 D0S16 D16S0 D24S0 D32S0 Packed-D24S8 
14:15:00: FBO PF_FLOAT32_RGB depth/stencil support: D0S0 D0S1 D0S4 D0S8 D0S16 D16S0 D24S0 D32S0 Packed-D24S8 
14:15:00: FBO PF_FLOAT32_RGBA depth/stencil support: D0S0 D0S1 D0S4 D0S8 D0S16 D16S0 D24S0 D32S0 Packed-D24S8 
14:15:00: FBO PF_X8R8G8B8 depth/stencil support: D0S0 D0S1 D0S4 D0S8 D0S16 D16S0 D24S0 D32S0 Packed-D24S8 
14:15:00: FBO PF_X8B8G8R8 depth/stencil support: D0S0 D0S1 D0S4 D0S8 D0S16 D16S0 D24S0 D32S0 Packed-D24S8 
14:15:00: FBO PF_SHORT_RGBA depth/stencil support: D0S0 D0S1 D0S4 D0S8 D0S16 D16S0 D24S0 D32S0 Packed-D24S8 
14:15:00: FBO PF_R3G3B2 depth/stencil support: D0S0 D0S1 D0S4 D0S8 D0S16 D16S0 D24S0 D32S0 Packed-D24S8 
14:15:00: FBO PF_FLOAT16_R depth/stencil support: D0S0 D0S1 D0S4 D0S8 D0S16 D16S0 D24S0 D32S0 Packed-D24S8 
14:15:00: FBO PF_FLOAT32_R depth/stencil support: D0S0 D0S1 D0S4 D0S8 D0S16 D16S0 D24S0 D32S0 Packed-D24S8 
14:15:00: FBO PF_SHORT_GR depth/stencil support: D0S0 D0S1 D0S4 D0S8 D0S16 D16S0 D24S0 D32S0 Packed-D24S8 
14:15:00: FBO PF_FLOAT16_GR depth/stencil support: D0S0 D0S1 D0S4 D0S8 D0S16 D16S0 D24S0 D32S0 Packed-D24S8 
14:15:00: FBO PF_FLOAT32_GR depth/stencil support: D0S0 D0S1 D0S4 D0S8 D0S16 D16S0 D24S0 D32S0 Packed-D24S8 
14:15:00: FBO PF_SHORT_RGB depth/stencil support: D0S0 D0S1 D0S4 D0S8 D0S16 D16S0 D24S0 D32S0 Packed-D24S8 
14:15:00: [GL] : Valid FBO targets PF_UNKNOWN PF_L8 PF_L16 PF_A8 PF_A4L4 PF_BYTE_LA PF_R5G6B5 PF_B5G6R5 PF_A4R4G4B4 PF_A1R5G5B5 PF_R8G8B8 PF_B8G8R8 PF_A8R8G8B8 PF_B8G8R8A8 PF_A2R10G10B10 PF_A2B10G10R10 PF_FLOAT16_RGB PF_FLOAT16_RGBA PF_FLOAT32_RGB PF_FLOAT32_RGBA PF_X8R8G8B8 PF_X8B8G8R8 PF_SHORT_RGBA PF_R3G3B2 PF_FLOAT16_R PF_FLOAT32_R PF_SHORT_GR PF_FLOAT16_GR PF_FLOAT32_GR PF_SHORT_RGB 
14:15:00: RenderSystem capabilities
14:15:00: -------------------------
14:15:00: RenderSystem Name: OpenGL Rendering Subsystem
14:15:00: GPU Vendor: amd
14:15:00: Device Name: AMD Radeon R9 200 Series
14:15:00: Driver Version: 4.5.13399.0
14:15:00:  * Fixed function pipeline: yes
14:15:00:  * Hardware generation of mipmaps: yes
14:15:00:  * Texture blending: yes
14:15:00:  * Anisotropic texture filtering: yes
14:15:00:  * Dot product texture operation: yes
14:15:00:  * Cube mapping: yes
14:15:00:  * Hardware stencil buffer: yes
14:15:00:    - Stencil depth: 8
14:15:00:    - Two sided stencil support: yes
14:15:00:    - Wrap stencil values: yes
14:15:00:  * Hardware vertex / index buffers: yes
14:15:00:  * Vertex programs: yes
14:15:00:  * Number of floating-point constants for vertex programs: 256
14:15:00:  * Number of integer constants for vertex programs: 0
14:15:00:  * Number of boolean constants for vertex programs: 0
14:15:00:  * Fragment programs: yes
14:15:00:  * Number of floating-point constants for fragment programs: 256
14:15:00:  * Number of integer constants for fragment programs: 0
14:15:00:  * Number of boolean constants for fragment programs: 0
14:15:00:  * Geometry programs: yes
14:15:00:  * Number of floating-point constants for geometry programs: 16384
14:15:00:  * Number of integer constants for geometry programs: 0
14:15:00:  * Number of boolean constants for geometry programs: 0
14:15:00:  * Tesselation Hull programs: no
14:15:00:  * Number of floating-point constants for tesselation hull programs: 0
14:15:00:  * Number of integer constants for tesselation hull programs: 0
14:15:00:  * Number of boolean constants for tesselation hull programs: 0
14:15:00:  * Tesselation Domain programs: no
14:15:00:  * Number of floating-point constants for tesselation domain programs: 0
14:15:00:  * Number of integer constants for tesselation domain programs: 0
14:15:00:  * Number of boolean constants for tesselation domain programs: 0
14:15:00:  * Compute programs: no
14:15:00:  * Number of floating-point constants for compute programs: 0
14:15:00:  * Number of integer constants for compute programs: 0
14:15:00:  * Number of boolean constants for compute programs: 0
14:15:00:  * Supported Shader Profiles: arbfp1 arbvp1 glsl gp4gp gpu_gp nvgp4 ps_1_1 ps_1_2 ps_1_3 ps_1_4
14:15:00:  * Texture Compression: yes
14:15:00:    - DXT: yes
14:15:00:    - VTC: no
14:15:00:    - PVRTC: no
14:15:00:    - ATC: no
14:15:00:    - ETC1: no
14:15:00:    - ETC2: no
14:15:00:    - BC4/BC5: no
14:15:00:    - BC6H/BC7: no
14:15:00:  * Scissor Rectangle: yes
14:15:00:  * Hardware Occlusion Query: yes
14:15:00:  * User clip planes: yes
14:15:00:  * VET_UBYTE4 vertex element type: yes
14:15:00:  * Infinite far plane projection: yes
14:15:00:  * Hardware render-to-texture: yes
14:15:00:  * Floating point textures: yes
14:15:00:  * Non-power-of-two textures: yes
14:15:00:  * 1d textures: yes
14:15:00:  * Volume textures: yes
14:15:00:  * Multiple Render Targets: 8
14:15:00:    - With different bit depths: yes
14:15:00:  * Point Sprites: yes
14:15:00:  * Extended point parameters: yes
14:15:00:  * Max Point Size: 8192
14:15:00:  * Vertex texture fetch: yes
14:15:00:  * Number of world matrices: 0
14:15:00:  * Number of texture units: 16
14:15:00:  * Stencil buffer depth: 8
14:15:00:  * Number of vertex blend matrices: 0
14:15:00:    - Max vertex textures: 32
14:15:00:    - Vertex textures shared: yes
14:15:00:  * Render to Vertex Buffer : no
14:15:00:  * Hardware Atomic Counters: no
14:15:00:  * GL 1.5 without VBO workaround: no
14:15:00:  * Frame Buffer objects: yes
14:15:00:  * Frame Buffer objects (ARB extension): no
14:15:00:  * Frame Buffer objects (ATI extension): no
14:15:00:  * PBuffer support: yes
14:15:00:  * GL 1.5 without HW-occlusion workaround: no
14:15:00:  * Vertex Array Objects: no
14:15:00:  * Separate shader objects: no
14:15:00: DefaultWorkQueue('Root') initialising on thread 2e38.
14:15:00: DefaultWorkQueue('Root')::WorkerFunc - thread 309c starting.
14:15:00: DefaultWorkQueue('Root')::WorkerFunc - thread 1d10 starting.
14:15:00: DefaultWorkQueue('Root')::WorkerFunc - thread 2cac starting.
14:15:00: DefaultWorkQueue('Root')::WorkerFunc - thread 1398 starting.
14:15:00: Particle Renderer Type 'billboard' registered
14:15:00: Creating resource group Essential
14:15:00: Added resource location '../../Media/thumbnails' of type 'FileSystem' to resource group 'Essential'
14:15:00: OGRE EXCEPTION(7:InternalErrorException): ../../Media/packs/SdkTrays.zip - error whilst opening archive: Unable to read zip file. in ZipArchive::checkZzipError at ..\..\..\..\OgreMain\src\OgreZip.cpp (line 310)
